[ 11394.248] _XSERVTransSocketUNIXCreateListener: ...SocketCreateListener() failed
[ 11394.248] _XSERVTransMakeAllCOTSServerListeners: server already running
[ 11394.249] (--) Log file renamed from "/home/josh/.local/share/xorg/Xorg.pid-9509.log" to "/home/josh/.local/share/xorg/Xorg.1.log"
[ 11394.250] 
X.Org X Server 1.19.6
Release Date: 2017-12-20
[ 11394.250] X Protocol Version 11, Revision 0
[ 11394.250] Build Operating System: Linux 4.15.6-1-ARCH x86_64 
[ 11394.250] Current Operating System: Linux Asuka-Dev 4.16.5-1-ARCH #1 SMP PREEMPT Thu Apr 26 16:53:40 UTC 2018 x86_64
[ 11394.250] Kernel command line: initrd=\initramfs-linux.img root=PARTUUID=6fb2ae70-ee5d-1a47-a55c-39f518ddb37b rw nvidia-drm.modeset=1
[ 11394.250] Build Date: 12 April 2018  05:31:07AM
[ 11394.250]  
[ 11394.250] Current version of pixman: 0.34.0
[ 11394.250] 	Before reporting problems, check http://wiki.x.org
	to make sure that you have the latest version.
[ 11394.250] Markers: (--) probed, (**) from config file, (==) default setting,
	(++) from command line, (!!) notice, (II) informational,
	(WW) warning, (EE) error, (NI) not implemented, (??) unknown.
[ 11394.250] (==) Log file: "/home/josh/.local/share/xorg/Xorg.1.log", Time: Sat Apr 28 21:03:01 2018
[ 11394.250] (==) Using config directory: "/etc/X11/xorg.conf.d"
[ 11394.250] (==) Using system config directory "/usr/share/X11/xorg.conf.d"
[ 11394.250] (==) No Layout section.  Using the first Screen section.
[ 11394.250] (==) No screen section available. Using defaults.
[ 11394.250] (**) |-->Screen "Default Screen Section" (0)
[ 11394.250] (**) |   |-->Monitor "<default monitor>"
[ 11394.250] (==) No monitor specified for screen "Default Screen Section".
	Using a default monitor configuration.
[ 11394.250] (==) Automatically adding devices
[ 11394.250] (==) Automatically enabling devices
[ 11394.250] (==) Automatically adding GPU devices
[ 11394.250] (==) Automatically binding GPU devices
[ 11394.250] (==) Max clients allowed: 256, resource mask: 0x1fffff
[ 11394.250] (WW) The directory "/usr/share/fonts/misc/" does not exist.
[ 11394.250] 	Entry deleted from font path.
[ 11394.251] (WW) The directory "/usr/share/fonts/Type1/" does not exist.
[ 11394.251] 	Entry deleted from font path.
[ 11394.251] (WW) The directory "/usr/share/fonts/100dpi/" does not exist.
[ 11394.251] 	Entry deleted from font path.
[ 11394.251] (WW) The directory "/usr/share/fonts/75dpi/" does not exist.
[ 11394.251] 	Entry deleted from font path.
[ 11394.251] (==) FontPath set to:
	/usr/share/fonts/TTF/,
	/usr/share/fonts/OTF/
[ 11394.251] (==) ModulePath set to "/usr/lib/xorg/modules"
[ 11394.251] (II) The server relies on udev to provide the list of input devices.
	If no devices become available, reconfigure udev or disable AutoAddDevices.
[ 11394.251] (II) Loader magic: 0x558e41574d60
[ 11394.251] (II) Module ABI versions:
[ 11394.251] 	X.Org ANSI C Emulation: 0.4
[ 11394.251] 	X.Org Video Driver: 23.0
[ 11394.251] 	X.Org XInput driver : 24.1
[ 11394.251] 	X.Org Server Extension : 10.0
[ 11394.251] (++) using VT number 2

[ 11394.254] (II) systemd-logind: took control of session /org/freedesktop/login1/session/c6
[ 11394.255] (II) xfree86: Adding drm device (/dev/dri/card0)
[ 11394.256] (II) systemd-logind: got fd for /dev/dri/card0 226:0 fd 13 paused 0
[ 11394.259] (**) OutputClass "nvidia" ModulePath extended to "/usr/lib/nvidia/xorg,/usr/lib/xorg/modules,/usr/lib/xorg/modules"
[ 11394.259] (**) OutputClass "nvidia" setting /dev/dri/card0 as PrimaryGPU
[ 11394.261] (--) PCI:*(0:35:0:0) 10de:11c2:3842:3655 rev 161, Mem @ 0xfc000000/16777216, 0xe8000000/134217728, 0xf0000000/33554432, I/O @ 0x0000e000/128, BIOS @ 0x????????/131072
[ 11394.261] (WW) Open ACPI failed (/var/run/acpid.socket) (No such file or directory)
[ 11394.261] (II) LoadModule: "glx"
[ 11394.262] (II) Loading /usr/lib/nvidia/xorg/libglx.so
[ 11394.266] (II) Module glx: vendor="NVIDIA Corporation"
[ 11394.266] 	compiled for 4.0.2, module version = 1.0.0
[ 11394.266] 	Module class: X.Org Server Extension
[ 11394.266] (II) NVIDIA GLX Module  390.48  Wed Mar 21 23:42:56 PDT 2018
[ 11394.266] (II) Applying OutputClass "nvidia" to /dev/dri/card0
[ 11394.266] 	loading driver: nvidia
[ 11394.266] (==) Matched nvidia as autoconfigured driver 0
[ 11394.266] (==) Matched nouveau as autoconfigured driver 1
[ 11394.266] (==) Matched nv as autoconfigured driver 2
[ 11394.266] (==) Matched nouveau as autoconfigured driver 3
[ 11394.266] (==) Matched nv as autoconfigured driver 4
[ 11394.266] (==) Matched modesetting as autoconfigured driver 5
[ 11394.266] (==) Matched fbdev as autoconfigured driver 6
[ 11394.266] (==) Matched vesa as autoconfigured driver 7
[ 11394.266] (==) Assigned the driver to the xf86ConfigLayout
[ 11394.266] (II) LoadModule: "nvidia"
[ 11394.266] (II) Loading /usr/lib/xorg/modules/drivers/nvidia_drv.so
[ 11394.267] (II) Module nvidia: vendor="NVIDIA Corporation"
[ 11394.267] 	compiled for 4.0.2, module version = 1.0.0
[ 11394.267] 	Module class: X.Org Video Driver
[ 11394.267] (II) LoadModule: "nouveau"
[ 11394.267] (WW) Warning, couldn't open module nouveau
[ 11394.267] (II) UnloadModule: "nouveau"
[ 11394.267] (II) Unloading nouveau
[ 11394.267] (EE) Failed to load module "nouveau" (module does not exist, 0)
[ 11394.267] (II) LoadModule: "nv"
[ 11394.268] (WW) Warning, couldn't open module nv
[ 11394.268] (II) UnloadModule: "nv"
[ 11394.268] (II) Unloading nv
[ 11394.268] (EE) Failed to load module "nv" (module does not exist, 0)
[ 11394.268] (II) LoadModule: "modesetting"
[ 11394.268] (II) Loading /usr/lib/xorg/modules/drivers/modesetting_drv.so
[ 11394.268] (II) Module modesetting: vendor="X.Org Foundation"
[ 11394.268] 	compiled for 1.19.6, module version = 1.19.6
[ 11394.268] 	Module class: X.Org Video Driver
[ 11394.268] 	ABI class: X.Org Video Driver, version 23.0
[ 11394.268] (II) LoadModule: "fbdev"
[ 11394.268] (WW) Warning, couldn't open module fbdev
[ 11394.268] (II) UnloadModule: "fbdev"
[ 11394.268] (II) Unloading fbdev
[ 11394.268] (EE) Failed to load module "fbdev" (module does not exist, 0)
[ 11394.268] (II) LoadModule: "vesa"
[ 11394.269] (WW) Warning, couldn't open module vesa
[ 11394.269] (II) UnloadModule: "vesa"
[ 11394.269] (II) Unloading vesa
[ 11394.269] (EE) Failed to load module "vesa" (module does not exist, 0)
[ 11394.269] (II) NVIDIA dlloader X Driver  390.48  Wed Mar 21 23:18:15 PDT 2018
[ 11394.269] (II) NVIDIA Unified Driver for all Supported NVIDIA GPUs
[ 11394.269] (II) modesetting: Driver for Modesetting Kernel Drivers: kms
[ 11394.269] xf86EnableIOPorts: failed to set IOPL for I/O (Operation not permitted)
[ 11394.269] (II) systemd-logind: releasing fd for 226:0
[ 11394.270] (II) Loading sub module "fb"
[ 11394.270] (II) LoadModule: "fb"
[ 11394.270] (II) Loading /usr/lib/xorg/modules/libfb.so
[ 11394.270] (II) Module fb: vendor="X.Org Foundation"
[ 11394.270] 	compiled for 1.19.6, module version = 1.0.0
[ 11394.270] 	ABI class: X.Org ANSI C Emulation, version 0.4
[ 11394.270] (II) Loading sub module "wfb"
[ 11394.270] (II) LoadModule: "wfb"
[ 11394.271] (II) Loading /usr/lib/xorg/modules/libwfb.so
[ 11394.271] (II) Module wfb: vendor="X.Org Foundation"
[ 11394.271] 	compiled for 1.19.6, module version = 1.0.0
[ 11394.271] 	ABI class: X.Org ANSI C Emulation, version 0.4
[ 11394.271] (II) Loading sub module "ramdac"
[ 11394.271] (II) LoadModule: "ramdac"
[ 11394.271] (II) Module "ramdac" already built-in
[ 11394.271] (WW) Falling back to old probe method for modesetting
[ 11394.271] (WW) VGA arbiter: cannot open kernel arbiter, no multi-card support
[ 11394.271] (II) NVIDIA(0): Creating default Display subsection in Screen section
	"Default Screen Section" for depth/fbbpp 24/32
[ 11394.271] (==) NVIDIA(0): Depth 24, (==) framebuffer bpp 32
[ 11394.271] (==) NVIDIA(0): RGB weight 888
[ 11394.271] (==) NVIDIA(0): Default visual is TrueColor
[ 11394.271] (==) NVIDIA(0): Using gamma correction (1.0, 1.0, 1.0)
[ 11394.271] (II) Applying OutputClass "nvidia" options to /dev/dri/card0
[ 11394.272] (**) NVIDIA(0): Option "AllowEmptyInitialConfiguration"
[ 11394.272] (**) NVIDIA(0): Enabling 2D acceleration
[ 11394.274] (--) NVIDIA(0): Valid display device(s) on GPU-0 at PCI:35:0:0
[ 11394.274] (--) NVIDIA(0):     CRT-0
[ 11394.274] (--) NVIDIA(0):     DFP-0
[ 11394.274] (--) NVIDIA(0):     DFP-1
[ 11394.274] (--) NVIDIA(0):     DFP-2
[ 11394.274] (--) NVIDIA(0):     DFP-3
[ 11394.274] (--) NVIDIA(0):     DFP-4 (boot)
[ 11394.277] (II) NVIDIA(0): NVIDIA GPU GeForce GTX 650 Ti BOOST (GK106) at PCI:35:0:0
[ 11394.277] (II) NVIDIA(0):     (GPU-0)
[ 11394.277] (--) NVIDIA(0): Memory: 1048576 kBytes
[ 11394.277] (--) NVIDIA(0): VideoBIOS: 80.06.59.00.52
[ 11394.277] (II) NVIDIA(0): Detected PCI Express Link width: 16X
[ 11394.280] (--) NVIDIA(GPU-0): CRT-0: disconnected
[ 11394.280] (--) NVIDIA(GPU-0): CRT-0: 400.0 MHz maximum pixel clock
[ 11394.280] (--) NVIDIA(GPU-0): 
[ 11394.283] (--) NVIDIA(GPU-0): DFP-0: disconnected
[ 11394.283] (--) NVIDIA(GPU-0): DFP-0: Internal TMDS
[ 11394.283] (--) NVIDIA(GPU-0): DFP-0: 330.0 MHz maximum pixel clock
[ 11394.283] (--) NVIDIA(GPU-0): 
[ 11394.283] (--) NVIDIA(GPU-0): DFP-1: disconnected
[ 11394.283] (--) NVIDIA(GPU-0): DFP-1: Internal TMDS
[ 11394.283] (--) NVIDIA(GPU-0): DFP-1: 165.0 MHz maximum pixel clock
[ 11394.283] (--) NVIDIA(GPU-0): 
[ 11394.284] (--) NVIDIA(GPU-0): DFP-2: disconnected
[ 11394.284] (--) NVIDIA(GPU-0): DFP-2: Internal TMDS
[ 11394.284] (--) NVIDIA(GPU-0): DFP-2: 165.0 MHz maximum pixel clock
[ 11394.284] (--) NVIDIA(GPU-0): 
[ 11394.284] (--) NVIDIA(GPU-0): DFP-3: disconnected
[ 11394.284] (--) NVIDIA(GPU-0): DFP-3: Internal TMDS
[ 11394.284] (--) NVIDIA(GPU-0): DFP-3: 330.0 MHz maximum pixel clock
[ 11394.284] (--) NVIDIA(GPU-0): 
[ 11394.285] (--) NVIDIA(GPU-0): DELL U2718Q (DFP-4): connected
[ 11394.285] (--) NVIDIA(GPU-0): DELL U2718Q (DFP-4): Internal DisplayPort
[ 11394.285] (--) NVIDIA(GPU-0): DELL U2718Q (DFP-4): 960.0 MHz maximum pixel clock
[ 11394.285] (--) NVIDIA(GPU-0): 
[ 11394.291] (==) NVIDIA(0): 
[ 11394.291] (==) NVIDIA(0): No modes were requested; the default mode "nvidia-auto-select"
[ 11394.291] (==) NVIDIA(0):     will be used as the requested mode.
[ 11394.291] (==) NVIDIA(0): 
[ 11394.291] (II) NVIDIA(0): Validated MetaModes:
[ 11394.291] (II) NVIDIA(0):     "DFP-4:nvidia-auto-select"
[ 11394.291] (II) NVIDIA(0): Virtual screen size determined to be 3840 x 2160
[ 11394.300] (--) NVIDIA(0): DPI set to (159, 156); computed from "UseEdidDpi" X config
[ 11394.300] (--) NVIDIA(0):     option
[ 11394.300] (II) UnloadModule: "modesetting"
[ 11394.300] (II) Unloading modesetting
[ 11394.300] (--) Depth 24 pixmap format is 32 bpp
[ 11394.301] (II) NVIDIA: Using 6144.00 MB of virtual memory for indirect memory
[ 11394.301] (II) NVIDIA:     access.
[ 11394.305] (II) NVIDIA(0): ACPI: failed to connect to the ACPI event daemon; the daemon
[ 11394.305] (II) NVIDIA(0):     may not be running or the "AcpidSocketPath" X
[ 11394.305] (II) NVIDIA(0):     configuration option may not be set correctly.  When the
[ 11394.305] (II) NVIDIA(0):     ACPI event daemon is available, the NVIDIA X driver will
[ 11394.305] (II) NVIDIA(0):     try to use it to receive ACPI event notifications.  For
[ 11394.305] (II) NVIDIA(0):     details, please see the "ConnectToAcpid" and
[ 11394.305] (II) NVIDIA(0):     "AcpidSocketPath" X configuration options in Appendix B: X
[ 11394.305] (II) NVIDIA(0):     Config Options in the README.
[ 11394.342] (II) NVIDIA(0): Setting mode "DFP-4:nvidia-auto-select"
[ 11394.417] (==) NVIDIA(0): Disabling shared memory pixmaps
[ 11394.417] (==) NVIDIA(0): Backing store enabled
[ 11394.417] (==) NVIDIA(0): Silken mouse enabled
[ 11394.418] (==) NVIDIA(0): DPMS enabled
[ 11394.418] (WW) NVIDIA(0): Option "PrimaryGPU" is not used
[ 11394.418] (II) Loading sub module "dri2"
[ 11394.418] (II) LoadModule: "dri2"
[ 11394.418] (II) Module "dri2" already built-in
[ 11394.418] (II) NVIDIA(0): [DRI2] Setup complete
[ 11394.418] (II) NVIDIA(0): [DRI2]   VDPAU driver: nvidia
[ 11394.418] (--) RandR disabled
[ 11394.423] (II) Initializing extension GLX
[ 11394.423] (II) Indirect GLX disabled.
[ 11394.484] (II) config/udev: Adding input device Power Button (/dev/input/event1)
[ 11394.484] (**) Power Button: Applying InputClass "libinput keyboard catchall"
[ 11394.484] (**) Power Button: Applying InputClass "system-keyboard"
[ 11394.484] (II) LoadModule: "libinput"
[ 11394.485] (II) Loading /usr/lib/xorg/modules/input/libinput_drv.so
[ 11394.487] (II) Module libinput: vendor="X.Org Foundation"
[ 11394.487] 	compiled for 1.19.6, module version = 0.27.1
[ 11394.487] 	Module class: X.Org XInput Driver
[ 11394.487] 	ABI class: X.Org XInput driver, version 24.1
[ 11394.487] (II) Using input driver 'libinput' for 'Power Button'
[ 11394.488] (II) systemd-logind: got fd for /dev/input/event1 13:65 fd 35 paused 0
[ 11394.488] (**) Power Button: always reports core events
[ 11394.488] (**) Option "Device" "/dev/input/event1"
[ 11394.488] (**) Option "_source" "server/udev"
[ 11394.489] (II) event1  - Power Button: is tagged by udev as: Keyboard
[ 11394.489] (II) event1  - Power Button: device is a keyboard
[ 11394.489] (II) event1  - Power Button: device removed
[ 11394.489] (**) Option "config_info" "udev:/sys/devices/LNXSYSTM:00/LNXPWRBN:00/input/input1/event1"
[ 11394.489] (II) XINPUT: Adding extended input device "Power Button" (type: KEYBOARD, id 6)
[ 11394.489] (**) Option "xkb_layout" "us"
[ 11394.489] (II) event1  - Power Button: is tagged by udev as: Keyboard
[ 11394.489] (II) event1  - Power Button: device is a keyboard
[ 11394.490] (II) config/udev: Adding input device Power Button (/dev/input/event0)
[ 11394.490] (**) Power Button: Applying InputClass "libinput keyboard catchall"
[ 11394.490] (**) Power Button: Applying InputClass "system-keyboard"
[ 11394.490] (II) Using input driver 'libinput' for 'Power Button'
[ 11394.491] (II) systemd-logind: got fd for /dev/input/event0 13:64 fd 38 paused 0
[ 11394.491] (**) Power Button: always reports core events
[ 11394.491] (**) Option "Device" "/dev/input/event0"
[ 11394.491] (**) Option "_source" "server/udev"
[ 11394.492] (II) event0  - Power Button: is tagged by udev as: Keyboard
[ 11394.492] (II) event0  - Power Button: device is a keyboard
[ 11394.492] (II) event0  - Power Button: device removed
[ 11394.492] (**) Option "config_info" "udev:/sys/devices/LNXSYSTM:00/LNXSYBUS:00/PNP0C0C:00/input/input0/event0"
[ 11394.492] (II) XINPUT: Adding extended input device "Power Button" (type: KEYBOARD, id 7)
[ 11394.492] (**) Option "xkb_layout" "us"
[ 11394.492] (II) event0  - Power Button: is tagged by udev as: Keyboard
[ 11394.492] (II) event0  - Power Button: device is a keyboard
[ 11394.494] (II) config/udev: Adding input device Corsair Corsair Gaming K68 Keyboard (/dev/input/event2)
[ 11394.494] (**) Corsair Corsair Gaming K68 Keyboard: Applying InputClass "libinput keyboard catchall"
[ 11394.494] (**) Corsair Corsair Gaming K68 Keyboard: Applying InputClass "system-keyboard"
[ 11394.494] (II) Using input driver 'libinput' for 'Corsair Corsair Gaming K68 Keyboard'
[ 11394.494] (II) systemd-logind: got fd for /dev/input/event2 13:66 fd 39 paused 0
[ 11394.495] (**) Corsair Corsair Gaming K68 Keyboard: always reports core events
[ 11394.495] (**) Option "Device" "/dev/input/event2"
[ 11394.495] (**) Option "_source" "server/udev"
[ 11394.495] (II) event2  - Corsair Corsair Gaming K68 Keyboard: is tagged by udev as: Keyboard
[ 11394.495] (II) event2  - Corsair Corsair Gaming K68 Keyboard: device is a keyboard
[ 11394.495] (II) event2  - Corsair Corsair Gaming K68 Keyboard: device removed
[ 11394.496] (**) Option "config_info" "udev:/sys/devices/pci0000:00/0000:00:01.3/0000:03:00.2/0000:04:08.0/0000:22:00.0/usb3/3-1/3-1.1/3-1.1:1.0/0003:1B1C:1B3F.0001/input/input2/event2"
[ 11394.496] (II) XINPUT: Adding extended input device "Corsair Corsair Gaming K68 Keyboard" (type: KEYBOARD, id 8)
[ 11394.496] (**) Option "xkb_layout" "us"
[ 11394.497] (II) event2  - Corsair Corsair Gaming K68 Keyboard: is tagged by udev as: Keyboard
[ 11394.497] (II) event2  - Corsair Corsair Gaming K68 Keyboard: device is a keyboard
[ 11394.498] (II) config/udev: Adding input device Corsair Corsair Gaming K68 Keyboard (/dev/input/event3)
[ 11394.498] (**) Corsair Corsair Gaming K68 Keyboard: Applying InputClass "libinput keyboard catchall"
[ 11394.498] (**) Corsair Corsair Gaming K68 Keyboard: Applying InputClass "system-keyboard"
[ 11394.498] (II) Using input driver 'libinput' for 'Corsair Corsair Gaming K68 Keyboard'
[ 11394.499] (II) systemd-logind: got fd for /dev/input/event3 13:67 fd 40 paused 0
[ 11394.499] (**) Corsair Corsair Gaming K68 Keyboard: always reports core events
[ 11394.499] (**) Option "Device" "/dev/input/event3"
[ 11394.499] (**) Option "_source" "server/udev"
[ 11394.500] (II) event3  - Corsair Corsair Gaming K68 Keyboard: is tagged by udev as: Keyboard
[ 11394.500] (II) event3  - Corsair Corsair Gaming K68 Keyboard: device is a keyboard
[ 11394.500] (II) event3  - Corsair Corsair Gaming K68 Keyboard: device removed
[ 11394.500] (II) libinput: Corsair Corsair Gaming K68 Keyboard: needs a virtual subdevice
[ 11394.500] (**) Option "config_info" "udev:/sys/devices/pci0000:00/0000:00:01.3/0000:03:00.2/0000:04:08.0/0000:22:00.0/usb3/3-1/3-1.1/3-1.1:1.1/0003:1B1C:1B3F.0002/input/input3/event3"
[ 11394.500] (II) XINPUT: Adding extended input device "Corsair Corsair Gaming K68 Keyboard" (type: MOUSE, id 9)
[ 11394.500] (**) Option "AccelerationScheme" "none"
[ 11394.500] (**) Corsair Corsair Gaming K68 Keyboard: (accel) selected scheme none/0
[ 11394.500] (**) Corsair Corsair Gaming K68 Keyboard: (accel) acceleration factor: 2.000
[ 11394.500] (**) Corsair Corsair Gaming K68 Keyboard: (accel) acceleration threshold: 4
[ 11394.501] (II) event3  - Corsair Corsair Gaming K68 Keyboard: is tagged by udev as: Keyboard
[ 11394.501] (II) event3  - Corsair Corsair Gaming K68 Keyboard: device is a keyboard
[ 11394.502] (II) config/udev: Adding input device Logitech Gaming Mouse G502 (/dev/input/event4)
[ 11394.502] (**) Logitech Gaming Mouse G502: Applying InputClass "libinput pointer catchall"
[ 11394.502] (II) Using input driver 'libinput' for 'Logitech Gaming Mouse G502'
[ 11394.503] (II) systemd-logind: got fd for /dev/input/event4 13:68 fd 41 paused 0
[ 11394.503] (**) Logitech Gaming Mouse G502: always reports core events
[ 11394.503] (**) Option "Device" "/dev/input/event4"
[ 11394.503] (**) Option "_source" "server/udev"
[ 11394.504] (II) event4  - Logitech Gaming Mouse G502: is tagged by udev as: Mouse
[ 11394.504] (II) event4  - Logitech Gaming Mouse G502: device set to 2400 DPI
[ 11394.504] (II) event4  - Logitech Gaming Mouse G502: device is a pointer
[ 11394.504] (II) event4  - Logitech Gaming Mouse G502: device removed
[ 11394.504] (**) Option "config_info" "udev:/sys/devices/pci0000:00/0000:00:01.3/0000:03:00.2/0000:04:08.0/0000:22:00.0/usb3/3-1/3-1.2/3-1.2:1.0/0003:046D:C332.0003/input/input4/event4"
[ 11394.504] (II) XINPUT: Adding extended input device "Logitech Gaming Mouse G502" (type: MOUSE, id 10)
[ 11394.504] (**) Option "AccelerationScheme" "none"
[ 11394.504] (**) Logitech Gaming Mouse G502: (accel) selected scheme none/0
[ 11394.504] (**) Logitech Gaming Mouse G502: (accel) acceleration factor: 2.000
[ 11394.504] (**) Logitech Gaming Mouse G502: (accel) acceleration threshold: 4
[ 11394.505] (II) event4  - Logitech Gaming Mouse G502: is tagged by udev as: Mouse
[ 11394.505] (II) event4  - Logitech Gaming Mouse G502: device set to 2400 DPI
[ 11394.505] (II) event4  - Logitech Gaming Mouse G502: device is a pointer
[ 11394.506] (II) config/udev: Adding input device Logitech Gaming Mouse G502 (/dev/input/mouse0)
[ 11394.506] (II) No input driver specified, ignoring this device.
[ 11394.506] (II) This device may have been added with another device file.
[ 11394.507] (II) config/udev: Adding input device Logitech Gaming Mouse G502 (/dev/input/event5)
[ 11394.507] (**) Logitech Gaming Mouse G502: Applying InputClass "libinput keyboard catchall"
[ 11394.507] (**) Logitech Gaming Mouse G502: Applying InputClass "system-keyboard"
[ 11394.507] (II) Using input driver 'libinput' for 'Logitech Gaming Mouse G502'
[ 11394.508] (II) systemd-logind: got fd for /dev/input/event5 13:69 fd 42 paused 0
[ 11394.508] (**) Logitech Gaming Mouse G502: always reports core events
[ 11394.508] (**) Option "Device" "/dev/input/event5"
[ 11394.508] (**) Option "_source" "server/udev"
[ 11394.509] (II) event5  - Logitech Gaming Mouse G502: is tagged by udev as: Keyboard
[ 11394.509] (II) event5  - Logitech Gaming Mouse G502: device is a keyboard
[ 11394.509] (II) event5  - Logitech Gaming Mouse G502: device removed
[ 11394.509] (II) libinput: Logitech Gaming Mouse G502: needs a virtual subdevice
[ 11394.509] (**) Option "config_info" "udev:/sys/devices/pci0000:00/0000:00:01.3/0000:03:00.2/0000:04:08.0/0000:22:00.0/usb3/3-1/3-1.2/3-1.2:1.1/0003:046D:C332.0004/input/input5/event5"
[ 11394.509] (II) XINPUT: Adding extended input device "Logitech Gaming Mouse G502" (type: MOUSE, id 11)
[ 11394.509] (**) Option "AccelerationScheme" "none"
[ 11394.510] (**) Logitech Gaming Mouse G502: (accel) selected scheme none/0
[ 11394.510] (**) Logitech Gaming Mouse G502: (accel) acceleration factor: 2.000
[ 11394.510] (**) Logitech Gaming Mouse G502: (accel) acceleration threshold: 4
[ 11394.510] (II) event5  - Logitech Gaming Mouse G502: is tagged by udev as: Keyboard
[ 11394.510] (II) event5  - Logitech Gaming Mouse G502: device is a keyboard
[ 11394.511] (II) config/udev: Adding input device C-Media Electronics Inc. USB Audio Device (/dev/input/event6)
[ 11394.511] (**) C-Media Electronics Inc. USB Audio Device: Applying InputClass "libinput keyboard catchall"
[ 11394.511] (**) C-Media Electronics Inc. USB Audio Device: Applying InputClass "system-keyboard"
[ 11394.511] (II) Using input driver 'libinput' for 'C-Media Electronics Inc. USB Audio Device'
[ 11394.512] (II) systemd-logind: got fd for /dev/input/event6 13:70 fd 43 paused 0
[ 11394.512] (**) C-Media Electronics Inc. USB Audio Device: always reports core events
[ 11394.512] (**) Option "Device" "/dev/input/event6"
[ 11394.512] (**) Option "_source" "server/udev"
[ 11394.513] (II) event6  - C-Media Electronics Inc. USB Audio Device: is tagged by udev as: Keyboard
[ 11394.513] (II) event6  - C-Media Electronics Inc. USB Audio Device: device is a keyboard
[ 11394.513] (II) event6  - C-Media Electronics Inc. USB Audio Device: device removed
[ 11394.513] (**) Option "config_info" "udev:/sys/devices/pci0000:00/0000:00:01.3/0000:03:00.2/0000:04:08.0/0000:22:00.0/usb3/3-1/3-1.4/3-1.4:1.3/0003:0D8C:0012.0005/input/input6/event6"
[ 11394.513] (II) XINPUT: Adding extended input device "C-Media Electronics Inc. USB Audio Device" (type: KEYBOARD, id 12)
[ 11394.513] (**) Option "xkb_layout" "us"
[ 11394.514] (II) event6  - C-Media Electronics Inc. USB Audio Device: is tagged by udev as: Keyboard
[ 11394.514] (II) event6  - C-Media Electronics Inc. USB Audio Device: device is a keyboard
[ 11394.515] (II) config/udev: Adding input device HDA NVidia HDMI/DP,pcm=3 (/dev/input/event16)
[ 11394.515] (II) No input driver specified, ignoring this device.
[ 11394.515] (II) This device may have been added with another device file.
[ 11394.516] (II) config/udev: Adding input device HDA NVidia HDMI/DP,pcm=7 (/dev/input/event17)
[ 11394.516] (II) No input driver specified, ignoring this device.
[ 11394.516] (II) This device may have been added with another device file.
[ 11394.517] (II) config/udev: Adding input device HDA NVidia HDMI/DP,pcm=8 (/dev/input/event18)
[ 11394.517] (II) No input driver specified, ignoring this device.
[ 11394.517] (II) This device may have been added with another device file.
[ 11394.517] (II) config/udev: Adding input device HDA NVidia HDMI/DP,pcm=9 (/dev/input/event19)
[ 11394.517] (II) No input driver specified, ignoring this device.
[ 11394.517] (II) This device may have been added with another device file.
[ 11394.518] (II) config/udev: Adding input device HD-Audio Generic Line (/dev/input/event10)
[ 11394.518] (II) No input driver specified, ignoring this device.
[ 11394.518] (II) This device may have been added with another device file.
[ 11394.518] (II) config/udev: Adding input device HD-Audio Generic Line Out Front (/dev/input/event11)
[ 11394.518] (II) No input driver specified, ignoring this device.
[ 11394.518] (II) This device may have been added with another device file.
[ 11394.519] (II) config/udev: Adding input device HD-Audio Generic Line Out Surround (/dev/input/event12)
[ 11394.519] (II) No input driver specified, ignoring this device.
[ 11394.519] (II) This device may have been added with another device file.
[ 11394.519] (II) config/udev: Adding input device HD-Audio Generic Line Out CLFE (/dev/input/event13)
[ 11394.519] (II) No input driver specified, ignoring this device.
[ 11394.519] (II) This device may have been added with another device file.
[ 11394.520] (II) config/udev: Adding input device HD-Audio Generic Line Out Side (/dev/input/event14)
[ 11394.520] (II) No input driver specified, ignoring this device.
[ 11394.520] (II) This device may have been added with another device file.
[ 11394.520] (II) config/udev: Adding input device HD-Audio Generic Front Headphone (/dev/input/event15)
[ 11394.520] (II) No input driver specified, ignoring this device.
[ 11394.520] (II) This device may have been added with another device file.
[ 11394.521] (II) config/udev: Adding input device HD-Audio Generic Front Mic (/dev/input/event8)
[ 11394.521] (II) No input driver specified, ignoring this device.
[ 11394.521] (II) This device may have been added with another device file.
[ 11394.521] (II) config/udev: Adding input device HD-Audio Generic Rear Mic (/dev/input/event9)
[ 11394.521] (II) No input driver specified, ignoring this device.
[ 11394.522] (II) This device may have been added with another device file.
[ 11394.522] (II) config/udev: Adding input device PC Speaker (/dev/input/event7)
[ 11394.522] (II) No input driver specified, ignoring this device.
[ 11394.522] (II) This device may have been added with another device file.
[ 11394.527] (**) Corsair Corsair Gaming K68 Keyboard: Applying InputClass "libinput keyboard catchall"
[ 11394.527] (**) Corsair Corsair Gaming K68 Keyboard: Applying InputClass "system-keyboard"
[ 11394.527] (II) Using input driver 'libinput' for 'Corsair Corsair Gaming K68 Keyboard'
[ 11394.527] (II) systemd-logind: returning pre-existing fd for /dev/input/event3 13:67
[ 11394.527] (**) Corsair Corsair Gaming K68 Keyboard: always reports core events
[ 11394.527] (**) Option "Device" "/dev/input/event3"
[ 11394.527] (**) Option "_source" "_driver/libinput"
[ 11394.527] (II) libinput: Corsair Corsair Gaming K68 Keyboard: is a virtual subdevice
[ 11394.527] (**) Option "config_info" "udev:/sys/devices/pci0000:00/0000:00:01.3/0000:03:00.2/0000:04:08.0/0000:22:00.0/usb3/3-1/3-1.1/3-1.1:1.1/0003:1B1C:1B3F.0002/input/input3/event3"
[ 11394.527] (II) XINPUT: Adding extended input device "Corsair Corsair Gaming K68 Keyboard" (type: KEYBOARD, id 13)
[ 11394.527] (**) Option "xkb_layout" "us"
[ 11394.527] (**) Logitech Gaming Mouse G502: Applying InputClass "libinput keyboard catchall"
[ 11394.528] (**) Logitech Gaming Mouse G502: Applying InputClass "system-keyboard"
[ 11394.528] (II) Using input driver 'libinput' for 'Logitech Gaming Mouse G502'
[ 11394.528] (II) systemd-logind: returning pre-existing fd for /dev/input/event5 13:69
[ 11394.528] (**) Logitech Gaming Mouse G502: always reports core events
[ 11394.528] (**) Option "Device" "/dev/input/event5"
[ 11394.528] (**) Option "_source" "_driver/libinput"
[ 11394.528] (II) libinput: Logitech Gaming Mouse G502: is a virtual subdevice
[ 11394.528] (**) Option "config_info" "udev:/sys/devices/pci0000:00/0000:00:01.3/0000:03:00.2/0000:04:08.0/0000:22:00.0/usb3/3-1/3-1.2/3-1.2:1.1/0003:046D:C332.0004/input/input5/event5"
[ 11394.528] (II) XINPUT: Adding extended input device "Logitech Gaming Mouse G502" (type: KEYBOARD, id 14)
[ 11394.528] (**) Option "xkb_layout" "us"
[ 19745.006] (II) config/udev: removing device Corsair Corsair Gaming K68 Keyboard
[ 19745.006] (**) Option "fd" "39"
[ 19745.006] (II) event2  - Corsair Corsair Gaming K68 Keyboard: device removed
[ 19745.007] (II) UnloadModule: "libinput"
[ 19745.007] (II) systemd-logind: releasing fd for 13:66
[ 19745.163] (II) config/udev: removing device Corsair Corsair Gaming K68 Keyboard
[ 19745.163] (**) Option "fd" "40"
[ 19745.163] (II) UnloadModule: "libinput"
[ 19745.163] (II) systemd-logind: not releasing fd for 13:67, still in use
[ 19745.163] (II) config/udev: removing device Corsair Corsair Gaming K68 Keyboard
[ 19745.163] (**) Option "fd" "40"
[ 19745.163] (II) event3  - Corsair Corsair Gaming K68 Keyboard: device removed
[ 19745.164] (II) UnloadModule: "libinput"
[ 19745.164] (II) systemd-logind: releasing fd for 13:67
[ 19745.212] (II) config/udev: removing device Logitech Gaming Mouse G502
[ 19745.212] (**) Option "fd" "41"
[ 19745.212] (II) event4  - Logitech Gaming Mouse G502: device removed
[ 19745.213] (II) UnloadModule: "libinput"
[ 19745.213] (II) systemd-logind: releasing fd for 13:68
[ 19745.386] (II) config/udev: removing device Logitech Gaming Mouse G502
[ 19745.386] (**) Option "fd" "42"
[ 19745.387] (II) UnloadModule: "libinput"
[ 19745.387] (II) systemd-logind: not releasing fd for 13:69, still in use
[ 19745.387] (II) config/udev: removing device Logitech Gaming Mouse G502
[ 19745.387] (**) Option "fd" "42"
[ 19745.387] (II) event5  - Logitech Gaming Mouse G502: device removed
[ 19745.387] (II) UnloadModule: "libinput"
[ 19745.387] (II) systemd-logind: releasing fd for 13:69
[ 19745.457] (--) NVIDIA(GPU-0): DFP-4: disconnected
[ 19745.457] (--) NVIDIA(GPU-0): DFP-4: Internal DisplayPort
[ 19745.457] (--) NVIDIA(GPU-0): DFP-4: 960.0 MHz maximum pixel clock
[ 19745.457] (--) NVIDIA(GPU-0): 
[ 19745.461] (II) config/udev: removing device C-Media Electronics Inc. USB Audio Device
[ 19745.461] (**) Option "fd" "43"
[ 19745.461] (II) event6  - C-Media Electronics Inc. USB Audio Device: device removed
[ 19745.462] (II) UnloadModule: "libinput"
[ 19745.462] (II) systemd-logind: releasing fd for 13:70
[ 19747.751] (--) NVIDIA(GPU-0): DELL U2718Q (DFP-4): connected
[ 19747.751] (--) NVIDIA(GPU-0): DELL U2718Q (DFP-4): Internal DisplayPort
[ 19747.751] (--) NVIDIA(GPU-0): DELL U2718Q (DFP-4): 960.0 MHz maximum pixel clock
[ 19747.751] (--) NVIDIA(GPU-0): 
[ 19747.908] (II) config/udev: Adding input device Corsair Corsair Gaming K68 Keyboard (/dev/input/event2)
[ 19747.908] (**) Corsair Corsair Gaming K68 Keyboard: Applying InputClass "libinput keyboard catchall"
[ 19747.908] (**) Corsair Corsair Gaming K68 Keyboard: Applying InputClass "system-keyboard"
[ 19747.908] (II) Using input driver 'libinput' for 'Corsair Corsair Gaming K68 Keyboard'
[ 19747.909] (II) systemd-logind: got fd for /dev/input/event2 13:66 fd 40 paused 0
[ 19747.909] (**) Corsair Corsair Gaming K68 Keyboard: always reports core events
[ 19747.909] (**) Option "Device" "/dev/input/event2"
[ 19747.909] (**) Option "_source" "server/udev"
[ 19747.910] (II) event2  - Corsair Corsair Gaming K68 Keyboard: is tagged by udev as: Keyboard
[ 19747.910] (II) event2  - Corsair Corsair Gaming K68 Keyboard: device is a keyboard
[ 19747.910] (II) event2  - Corsair Corsair Gaming K68 Keyboard: device removed
[ 19747.910] (**) Option "config_info" "udev:/sys/devices/pci0000:00/0000:00:01.3/0000:03:00.2/0000:04:08.0/0000:22:00.0/usb3/3-1/3-1.1/3-1.1:1.0/0003:1B1C:1B3F.0007/input/input20/event2"
[ 19747.910] (II) XINPUT: Adding extended input device "Corsair Corsair Gaming K68 Keyboard" (type: KEYBOARD, id 8)
[ 19747.910] (**) Option "xkb_layout" "us"
[ 19747.911] (II) event2  - Corsair Corsair Gaming K68 Keyboard: is tagged by udev as: Keyboard
[ 19747.911] (II) event2  - Corsair Corsair Gaming K68 Keyboard: device is a keyboard
[ 19747.925] (II) config/udev: Adding input device Corsair Corsair Gaming K68 Keyboard (/dev/input/event3)
[ 19747.925] (**) Corsair Corsair Gaming K68 Keyboard: Applying InputClass "libinput keyboard catchall"
[ 19747.925] (**) Corsair Corsair Gaming K68 Keyboard: Applying InputClass "system-keyboard"
[ 19747.925] (II) Using input driver 'libinput' for 'Corsair Corsair Gaming K68 Keyboard'
[ 19747.926] (II) systemd-logind: got fd for /dev/input/event3 13:67 fd 41 paused 0
[ 19747.926] (**) Corsair Corsair Gaming K68 Keyboard: always reports core events
[ 19747.926] (**) Option "Device" "/dev/input/event3"
[ 19747.926] (**) Option "_source" "server/udev"
[ 19747.927] (II) event3  - Corsair Corsair Gaming K68 Keyboard: is tagged by udev as: Keyboard
[ 19747.927] (II) event3  - Corsair Corsair Gaming K68 Keyboard: device is a keyboard
[ 19747.927] (II) event3  - Corsair Corsair Gaming K68 Keyboard: device removed
[ 19747.927] (II) libinput: Corsair Corsair Gaming K68 Keyboard: needs a virtual subdevice
[ 19747.927] (**) Option "config_info" "udev:/sys/devices/pci0000:00/0000:00:01.3/0000:03:00.2/0000:04:08.0/0000:22:00.0/usb3/3-1/3-1.1/3-1.1:1.1/0003:1B1C:1B3F.0008/input/input21/event3"
[ 19747.927] (II) XINPUT: Adding extended input device "Corsair Corsair Gaming K68 Keyboard" (type: MOUSE, id 9)
[ 19747.928] (**) Option "AccelerationScheme" "none"
[ 19747.928] (**) Corsair Corsair Gaming K68 Keyboard: (accel) selected scheme none/0
[ 19747.928] (**) Corsair Corsair Gaming K68 Keyboard: (accel) acceleration factor: 2.000
[ 19747.928] (**) Corsair Corsair Gaming K68 Keyboard: (accel) acceleration threshold: 4
[ 19747.929] (II) event3  - Corsair Corsair Gaming K68 Keyboard: is tagged by udev as: Keyboard
[ 19747.929] (II) event3  - Corsair Corsair Gaming K68 Keyboard: device is a keyboard
[ 19747.929] (**) Corsair Corsair Gaming K68 Keyboard: Applying InputClass "libinput keyboard catchall"
[ 19747.929] (**) Corsair Corsair Gaming K68 Keyboard: Applying InputClass "system-keyboard"
[ 19747.929] (II) Using input driver 'libinput' for 'Corsair Corsair Gaming K68 Keyboard'
[ 19747.929] (II) systemd-logind: returning pre-existing fd for /dev/input/event3 13:67
[ 19747.929] (**) Corsair Corsair Gaming K68 Keyboard: always reports core events
[ 19747.929] (**) Option "Device" "/dev/input/event3"
[ 19747.929] (**) Option "_source" "_driver/libinput"
[ 19747.929] (II) libinput: Corsair Corsair Gaming K68 Keyboard: is a virtual subdevice
[ 19747.929] (**) Option "config_info" "udev:/sys/devices/pci0000:00/0000:00:01.3/0000:03:00.2/0000:04:08.0/0000:22:00.0/usb3/3-1/3-1.1/3-1.1:1.1/0003:1B1C:1B3F.0008/input/input21/event3"
[ 19747.929] (II) XINPUT: Adding extended input device "Corsair Corsair Gaming K68 Keyboard" (type: KEYBOARD, id 10)
[ 19747.929] (**) Option "xkb_layout" "us"
[ 19748.350] (II) config/udev: Adding input device Logitech Gaming Mouse G502 (/dev/input/mouse0)
[ 19748.350] (II) No input driver specified, ignoring this device.
[ 19748.350] (II) This device may have been added with another device file.
[ 19748.394] (II) config/udev: Adding input device Logitech Gaming Mouse G502 (/dev/input/event5)
[ 19748.394] (**) Logitech Gaming Mouse G502: Applying InputClass "libinput keyboard catchall"
[ 19748.394] (**) Logitech Gaming Mouse G502: Applying InputClass "system-keyboard"
[ 19748.394] (II) Using input driver 'libinput' for 'Logitech Gaming Mouse G502'
[ 19748.396] (II) systemd-logind: got fd for /dev/input/event5 13:69 fd 42 paused 0
[ 19748.396] (**) Logitech Gaming Mouse G502: always reports core events
[ 19748.396] (**) Option "Device" "/dev/input/event5"
[ 19748.396] (**) Option "_source" "server/udev"
[ 19748.397] (II) event5  - Logitech Gaming Mouse G502: is tagged by udev as: Keyboard
[ 19748.397] (II) event5  - Logitech Gaming Mouse G502: device is a keyboard
[ 19748.397] (II) event5  - Logitech Gaming Mouse G502: device removed
[ 19748.397] (II) libinput: Logitech Gaming Mouse G502: needs a virtual subdevice
[ 19748.397] (**) Option "config_info" "udev:/sys/devices/pci0000:00/0000:00:01.3/0000:03:00.2/0000:04:08.0/0000:22:00.0/usb3/3-1/3-1.2/3-1.2:1.1/0003:046D:C332.000A/input/input23/event5"
[ 19748.397] (II) XINPUT: Adding extended input device "Logitech Gaming Mouse G502" (type: MOUSE, id 11)
[ 19748.398] (**) Option "AccelerationScheme" "none"
[ 19748.398] (**) Logitech Gaming Mouse G502: (accel) selected scheme none/0
[ 19748.398] (**) Logitech Gaming Mouse G502: (accel) acceleration factor: 2.000
[ 19748.398] (**) Logitech Gaming Mouse G502: (accel) acceleration threshold: 4
[ 19748.399] (II) event5  - Logitech Gaming Mouse G502: is tagged by udev as: Keyboard
[ 19748.399] (II) event5  - Logitech Gaming Mouse G502: device is a keyboard
[ 19748.399] (**) Logitech Gaming Mouse G502: Applying InputClass "libinput keyboard catchall"
[ 19748.399] (**) Logitech Gaming Mouse G502: Applying InputClass "system-keyboard"
[ 19748.399] (II) Using input driver 'libinput' for 'Logitech Gaming Mouse G502'
[ 19748.399] (II) systemd-logind: returning pre-existing fd for /dev/input/event5 13:69
[ 19748.399] (**) Logitech Gaming Mouse G502: always reports core events
[ 19748.399] (**) Option "Device" "/dev/input/event5"
[ 19748.399] (**) Option "_source" "_driver/libinput"
[ 19748.399] (II) libinput: Logitech Gaming Mouse G502: is a virtual subdevice
[ 19748.399] (**) Option "config_info" "udev:/sys/devices/pci0000:00/0000:00:01.3/0000:03:00.2/0000:04:08.0/0000:22:00.0/usb3/3-1/3-1.2/3-1.2:1.1/0003:046D:C332.000A/input/input23/event5"
[ 19748.399] (II) XINPUT: Adding extended input device "Logitech Gaming Mouse G502" (type: KEYBOARD, id 12)
[ 19748.399] (**) Option "xkb_layout" "us"
[ 19748.496] (II) config/udev: Adding input device Logitech Gaming Mouse G502 (/dev/input/event4)
[ 19748.496] (**) Logitech Gaming Mouse G502: Applying InputClass "libinput pointer catchall"
[ 19748.496] (II) Using input driver 'libinput' for 'Logitech Gaming Mouse G502'
[ 19748.551] (II) systemd-logind: got fd for /dev/input/event4 13:68 fd 43 paused 0
[ 19748.551] (**) Logitech Gaming Mouse G502: always reports core events
[ 19748.551] (**) Option "Device" "/dev/input/event4"
[ 19748.551] (**) Option "_source" "server/udev"
[ 19748.552] (II) event4  - Logitech Gaming Mouse G502: is tagged by udev as: Mouse
[ 19748.552] (II) event4  - Logitech Gaming Mouse G502: device set to 2400 DPI
[ 19748.552] (II) event4  - Logitech Gaming Mouse G502: device is a pointer
[ 19748.552] (II) event4  - Logitech Gaming Mouse G502: device removed
[ 19748.553] (**) Option "config_info" "udev:/sys/devices/pci0000:00/0000:00:01.3/0000:03:00.2/0000:04:08.0/0000:22:00.0/usb3/3-1/3-1.2/3-1.2:1.0/0003:046D:C332.0009/input/input22/event4"
[ 19748.553] (II) XINPUT: Adding extended input device "Logitech Gaming Mouse G502" (type: MOUSE, id 13)
[ 19748.553] (**) Option "AccelerationScheme" "none"
[ 19748.553] (**) Logitech Gaming Mouse G502: (accel) selected scheme none/0
[ 19748.553] (**) Logitech Gaming Mouse G502: (accel) acceleration factor: 2.000
[ 19748.553] (**) Logitech Gaming Mouse G502: (accel) acceleration threshold: 4
[ 19748.554] (II) event4  - Logitech Gaming Mouse G502: is tagged by udev as: Mouse
[ 19748.554] (II) event4  - Logitech Gaming Mouse G502: device set to 2400 DPI
[ 19748.554] (II) event4  - Logitech Gaming Mouse G502: device is a pointer
[ 19749.255] (II) config/udev: Adding input device C-Media Electronics Inc. USB Audio Device (/dev/input/event6)
[ 19749.255] (**) C-Media Electronics Inc. USB Audio Device: Applying InputClass "libinput keyboard catchall"
[ 19749.255] (**) C-Media Electronics Inc. USB Audio Device: Applying InputClass "system-keyboard"
[ 19749.255] (II) Using input driver 'libinput' for 'C-Media Electronics Inc. USB Audio Device'
[ 19749.309] (II) systemd-logind: got fd for /dev/input/event6 13:70 fd 49 paused 0
[ 19749.309] (**) C-Media Electronics Inc. USB Audio Device: always reports core events
[ 19749.309] (**) Option "Device" "/dev/input/event6"
[ 19749.309] (**) Option "_source" "server/udev"
[ 19749.310] (II) event6  - C-Media Electronics Inc. USB Audio Device: is tagged by udev as: Keyboard
[ 19749.310] (II) event6  - C-Media Electronics Inc. USB Audio Device: device is a keyboard
[ 19749.310] (II) event6  - C-Media Electronics Inc. USB Audio Device: device removed
[ 19749.310] (**) Option "config_info" "udev:/sys/devices/pci0000:00/0000:00:01.3/0000:03:00.2/0000:04:08.0/0000:22:00.0/usb3/3-1/3-1.4/3-1.4:1.3/0003:0D8C:0012.000B/input/input24/event6"
[ 19749.310] (II) XINPUT: Adding extended input device "C-Media Electronics Inc. USB Audio Device" (type: KEYBOARD, id 14)
[ 19749.310] (**) Option "xkb_layout" "us"
[ 19749.311] (II) event6  - C-Media Electronics Inc. USB Audio Device: is tagged by udev as: Keyboard
[ 19749.311] (II) event6  - C-Media Electronics Inc. USB Audio Device: device is a keyboard
[ 20134.591] (II) config/udev: removing device Corsair Corsair Gaming K68 Keyboard
[ 20134.591] (**) Option "fd" "40"
[ 20134.591] (II) event2  - Corsair Corsair Gaming K68 Keyboard: device removed
[ 20134.592] (II) UnloadModule: "libinput"
[ 20134.592] (II) systemd-logind: releasing fd for 13:66
[ 20134.712] (II) config/udev: removing device Corsair Corsair Gaming K68 Keyboard
[ 20134.712] (**) Option "fd" "41"
[ 20134.713] (II) UnloadModule: "libinput"
[ 20134.713] (II) systemd-logind: not releasing fd for 13:67, still in use
[ 20134.713] (II) config/udev: removing device Corsair Corsair Gaming K68 Keyboard
[ 20134.713] (**) Option "fd" "41"
[ 20134.713] (II) event3  - Corsair Corsair Gaming K68 Keyboard: device removed
[ 20134.713] (II) UnloadModule: "libinput"
[ 20134.713] (II) systemd-logind: releasing fd for 13:67
[ 20134.786] (II) config/udev: removing device Logitech Gaming Mouse G502
[ 20134.786] (**) Option "fd" "43"
[ 20134.786] (II) event4  - Logitech Gaming Mouse G502: device removed
[ 20134.787] (II) UnloadModule: "libinput"
[ 20134.787] (II) systemd-logind: releasing fd for 13:68
[ 20134.788] (EE) systemd-logind: failed to release device: Device not taken
[ 20134.810] (II) config/udev: removing device Logitech Gaming Mouse G502
[ 20134.810] (**) Option "fd" "42"
[ 20134.810] (II) UnloadModule: "libinput"
[ 20134.810] (II) systemd-logind: not releasing fd for 13:69, still in use
[ 20134.810] (II) config/udev: removing device Logitech Gaming Mouse G502
[ 20134.810] (**) Option "fd" "42"
[ 20134.810] (II) event5  - Logitech Gaming Mouse G502: device removed
[ 20134.811] (II) UnloadModule: "libinput"
[ 20134.811] (II) systemd-logind: releasing fd for 13:69
[ 20134.869] (II) config/udev: removing device C-Media Electronics Inc. USB Audio Device
[ 20134.869] (**) Option "fd" "49"
[ 20134.869] (II) event6  - C-Media Electronics Inc. USB Audio Device: device removed
[ 20134.869] (II) UnloadModule: "libinput"
[ 20134.869] (II) systemd-logind: releasing fd for 13:70
[ 20135.031] (--) NVIDIA(GPU-0): DFP-4: disconnected
[ 20135.031] (--) NVIDIA(GPU-0): DFP-4: Internal DisplayPort
[ 20135.031] (--) NVIDIA(GPU-0): DFP-4: 960.0 MHz maximum pixel clock
[ 20135.031] (--) NVIDIA(GPU-0): 
[ 40371.812] (--) NVIDIA(GPU-0): DELL U2718Q (DFP-4): connected
[ 40371.812] (--) NVIDIA(GPU-0): DELL U2718Q (DFP-4): Internal DisplayPort
[ 40371.812] (--) NVIDIA(GPU-0): DELL U2718Q (DFP-4): 960.0 MHz maximum pixel clock
[ 40371.812] (--) NVIDIA(GPU-0): 
[ 40371.982] (II) config/udev: Adding input device Corsair Corsair Gaming K68 Keyboard (/dev/input/event3)
[ 40371.982] (**) Corsair Corsair Gaming K68 Keyboard: Applying InputClass "libinput keyboard catchall"
[ 40371.982] (**) Corsair Corsair Gaming K68 Keyboard: Applying InputClass "system-keyboard"
[ 40371.982] (II) Using input driver 'libinput' for 'Corsair Corsair Gaming K68 Keyboard'
[ 40371.983] (II) systemd-logind: got fd for /dev/input/event3 13:67 fd 40 paused 0
[ 40371.983] (**) Corsair Corsair Gaming K68 Keyboard: always reports core events
[ 40371.983] (**) Option "Device" "/dev/input/event3"
[ 40371.983] (**) Option "_source" "server/udev"
[ 40371.984] (II) event3  - Corsair Corsair Gaming K68 Keyboard: is tagged by udev as: Keyboard
[ 40371.984] (II) event3  - Corsair Corsair Gaming K68 Keyboard: device is a keyboard
[ 40371.984] (II) event3  - Corsair Corsair Gaming K68 Keyboard: device removed
[ 40371.984] (II) libinput: Corsair Corsair Gaming K68 Keyboard: needs a virtual subdevice
[ 40371.984] (**) Option "config_info" "udev:/sys/devices/pci0000:00/0000:00:01.3/0000:03:00.2/0000:04:08.0/0000:22:00.0/usb3/3-1/3-1.1/3-1.1:1.1/0003:1B1C:1B3F.000E/input/input26/event3"
[ 40371.984] (II) XINPUT: Adding extended input device "Corsair Corsair Gaming K68 Keyboard" (type: MOUSE, id 8)
[ 40371.984] (**) Option "AccelerationScheme" "none"
[ 40371.984] (**) Corsair Corsair Gaming K68 Keyboard: (accel) selected scheme none/0
[ 40371.984] (**) Corsair Corsair Gaming K68 Keyboard: (accel) acceleration factor: 2.000
[ 40371.984] (**) Corsair Corsair Gaming K68 Keyboard: (accel) acceleration threshold: 4
[ 40371.985] (II) event3  - Corsair Corsair Gaming K68 Keyboard: is tagged by udev as: Keyboard
[ 40371.985] (II) event3  - Corsair Corsair Gaming K68 Keyboard: device is a keyboard
[ 40371.985] (**) Corsair Corsair Gaming K68 Keyboard: Applying InputClass "libinput keyboard catchall"
[ 40371.985] (**) Corsair Corsair Gaming K68 Keyboard: Applying InputClass "system-keyboard"
[ 40371.985] (II) Using input driver 'libinput' for 'Corsair Corsair Gaming K68 Keyboard'
[ 40371.986] (II) systemd-logind: returning pre-existing fd for /dev/input/event3 13:67
[ 40371.986] (**) Corsair Corsair Gaming K68 Keyboard: always reports core events
[ 40371.986] (**) Option "Device" "/dev/input/event3"
[ 40371.986] (**) Option "_source" "_driver/libinput"
[ 40371.986] (II) libinput: Corsair Corsair Gaming K68 Keyboard: is a virtual subdevice
[ 40371.986] (**) Option "config_info" "udev:/sys/devices/pci0000:00/0000:00:01.3/0000:03:00.2/0000:04:08.0/0000:22:00.0/usb3/3-1/3-1.1/3-1.1:1.1/0003:1B1C:1B3F.000E/input/input26/event3"
[ 40371.986] (II) XINPUT: Adding extended input device "Corsair Corsair Gaming K68 Keyboard" (type: KEYBOARD, id 9)
[ 40371.986] (**) Option "xkb_layout" "us"
[ 40371.987] (II) config/udev: Adding input device Corsair Corsair Gaming K68 Keyboard (/dev/input/event2)
[ 40371.987] (**) Corsair Corsair Gaming K68 Keyboard: Applying InputClass "libinput keyboard catchall"
[ 40371.987] (**) Corsair Corsair Gaming K68 Keyboard: Applying InputClass "system-keyboard"
[ 40371.987] (II) Using input driver 'libinput' for 'Corsair Corsair Gaming K68 Keyboard'
[ 40371.988] (II) systemd-logind: got fd for /dev/input/event2 13:66 fd 41 paused 0
[ 40371.988] (**) Corsair Corsair Gaming K68 Keyboard: always reports core events
[ 40371.988] (**) Option "Device" "/dev/input/event2"
[ 40371.988] (**) Option "_source" "server/udev"
[ 40371.989] (II) event2  - Corsair Corsair Gaming K68 Keyboard: is tagged by udev as: Keyboard
[ 40371.989] (II) event2  - Corsair Corsair Gaming K68 Keyboard: device is a keyboard
[ 40371.989] (II) event2  - Corsair Corsair Gaming K68 Keyboard: device removed
[ 40371.989] (**) Option "config_info" "udev:/sys/devices/pci0000:00/0000:00:01.3/0000:03:00.2/0000:04:08.0/0000:22:00.0/usb3/3-1/3-1.1/3-1.1:1.0/0003:1B1C:1B3F.000D/input/input25/event2"
[ 40371.989] (II) XINPUT: Adding extended input device "Corsair Corsair Gaming K68 Keyboard" (type: KEYBOARD, id 10)
[ 40371.989] (**) Option "xkb_layout" "us"
[ 40371.990] (II) event2  - Corsair Corsair Gaming K68 Keyboard: is tagged by udev as: Keyboard
[ 40371.990] (II) event2  - Corsair Corsair Gaming K68 Keyboard: device is a keyboard
[ 40372.409] (II) config/udev: Adding input device Logitech Gaming Mouse G502 (/dev/input/mouse0)
[ 40372.409] (II) No input driver specified, ignoring this device.
[ 40372.409] (II) This device may have been added with another device file.
[ 40372.474] (II) config/udev: Adding input device Logitech Gaming Mouse G502 (/dev/input/event5)
[ 40372.474] (**) Logitech Gaming Mouse G502: Applying InputClass "libinput keyboard catchall"
[ 40372.474] (**) Logitech Gaming Mouse G502: Applying InputClass "system-keyboard"
[ 40372.474] (II) Using input driver 'libinput' for 'Logitech Gaming Mouse G502'
[ 40372.476] (II) systemd-logind: got fd for /dev/input/event5 13:69 fd 42 paused 0
[ 40372.476] (**) Logitech Gaming Mouse G502: always reports core events
[ 40372.476] (**) Option "Device" "/dev/input/event5"
[ 40372.476] (**) Option "_source" "server/udev"
[ 40372.477] (II) event5  - Logitech Gaming Mouse G502: is tagged by udev as: Keyboard
[ 40372.477] (II) event5  - Logitech Gaming Mouse G502: device is a keyboard
[ 40372.477] (II) event5  - Logitech Gaming Mouse G502: device removed
[ 40372.477] (II) libinput: Logitech Gaming Mouse G502: needs a virtual subdevice
[ 40372.477] (**) Option "config_info" "udev:/sys/devices/pci0000:00/0000:00:01.3/0000:03:00.2/0000:04:08.0/0000:22:00.0/usb3/3-1/3-1.2/3-1.2:1.1/0003:046D:C332.0010/input/input28/event5"
[ 40372.477] (II) XINPUT: Adding extended input device "Logitech Gaming Mouse G502" (type: MOUSE, id 11)
[ 40372.477] (**) Option "AccelerationScheme" "none"
[ 40372.478] (**) Logitech Gaming Mouse G502: (accel) selected scheme none/0
[ 40372.478] (**) Logitech Gaming Mouse G502: (accel) acceleration factor: 2.000
[ 40372.478] (**) Logitech Gaming Mouse G502: (accel) acceleration threshold: 4
[ 40372.478] (II) event5  - Logitech Gaming Mouse G502: is tagged by udev as: Keyboard
[ 40372.478] (II) event5  - Logitech Gaming Mouse G502: device is a keyboard
[ 40372.479] (**) Logitech Gaming Mouse G502: Applying InputClass "libinput keyboard catchall"
[ 40372.479] (**) Logitech Gaming Mouse G502: Applying InputClass "system-keyboard"
[ 40372.479] (II) Using input driver 'libinput' for 'Logitech Gaming Mouse G502'
[ 40372.479] (II) systemd-logind: returning pre-existing fd for /dev/input/event5 13:69
[ 40372.479] (**) Logitech Gaming Mouse G502: always reports core events
[ 40372.479] (**) Option "Device" "/dev/input/event5"
[ 40372.479] (**) Option "_source" "_driver/libinput"
[ 40372.479] (II) libinput: Logitech Gaming Mouse G502: is a virtual subdevice
[ 40372.479] (**) Option "config_info" "udev:/sys/devices/pci0000:00/0000:00:01.3/0000:03:00.2/0000:04:08.0/0000:22:00.0/usb3/3-1/3-1.2/3-1.2:1.1/0003:046D:C332.0010/input/input28/event5"
[ 40372.479] (II) XINPUT: Adding extended input device "Logitech Gaming Mouse G502" (type: KEYBOARD, id 12)
[ 40372.479] (**) Option "xkb_layout" "us"
[ 40372.535] (II) config/udev: Adding input device Logitech Gaming Mouse G502 (/dev/input/event4)
[ 40372.535] (**) Logitech Gaming Mouse G502: Applying InputClass "libinput pointer catchall"
[ 40372.535] (II) Using input driver 'libinput' for 'Logitech Gaming Mouse G502'
[ 40372.593] (II) systemd-logind: got fd for /dev/input/event4 13:68 fd 43 paused 0
[ 40372.593] (**) Logitech Gaming Mouse G502: always reports core events
[ 40372.593] (**) Option "Device" "/dev/input/event4"
[ 40372.593] (**) Option "_source" "server/udev"
[ 40372.594] (II) event4  - Logitech Gaming Mouse G502: is tagged by udev as: Mouse
[ 40372.594] (II) event4  - Logitech Gaming Mouse G502: device set to 2400 DPI
[ 40372.594] (II) event4  - Logitech Gaming Mouse G502: device is a pointer
[ 40372.594] (II) event4  - Logitech Gaming Mouse G502: device removed
[ 40372.595] (**) Option "config_info" "udev:/sys/devices/pci0000:00/0000:00:01.3/0000:03:00.2/0000:04:08.0/0000:22:00.0/usb3/3-1/3-1.2/3-1.2:1.0/0003:046D:C332.000F/input/input27/event4"
[ 40372.595] (II) XINPUT: Adding extended input device "Logitech Gaming Mouse G502" (type: MOUSE, id 13)
[ 40372.595] (**) Option "AccelerationScheme" "none"
[ 40372.595] (**) Logitech Gaming Mouse G502: (accel) selected scheme none/0
[ 40372.595] (**) Logitech Gaming Mouse G502: (accel) acceleration factor: 2.000
[ 40372.595] (**) Logitech Gaming Mouse G502: (accel) acceleration threshold: 4
[ 40372.596] (II) event4  - Logitech Gaming Mouse G502: is tagged by udev as: Mouse
[ 40372.596] (II) event4  - Logitech Gaming Mouse G502: device set to 2400 DPI
[ 40372.596] (II) event4  - Logitech Gaming Mouse G502: device is a pointer
[ 40373.317] (II) config/udev: Adding input device C-Media Electronics Inc. USB Audio Device (/dev/input/event6)
[ 40373.318] (**) C-Media Electronics Inc. USB Audio Device: Applying InputClass "libinput keyboard catchall"
[ 40373.318] (**) C-Media Electronics Inc. USB Audio Device: Applying InputClass "system-keyboard"
[ 40373.318] (II) Using input driver 'libinput' for 'C-Media Electronics Inc. USB Audio Device'
[ 40373.352] (II) systemd-logind: got fd for /dev/input/event6 13:70 fd 49 paused 0
[ 40373.352] (**) C-Media Electronics Inc. USB Audio Device: always reports core events
[ 40373.352] (**) Option "Device" "/dev/input/event6"
[ 40373.352] (**) Option "_source" "server/udev"
[ 40373.353] (II) event6  - C-Media Electronics Inc. USB Audio Device: is tagged by udev as: Keyboard
[ 40373.353] (II) event6  - C-Media Electronics Inc. USB Audio Device: device is a keyboard
[ 40373.353] (II) event6  - C-Media Electronics Inc. USB Audio Device: device removed
[ 40373.353] (**) Option "config_info" "udev:/sys/devices/pci0000:00/0000:00:01.3/0000:03:00.2/0000:04:08.0/0000:22:00.0/usb3/3-1/3-1.4/3-1.4:1.3/0003:0D8C:0012.0011/input/input29/event6"
[ 40373.353] (II) XINPUT: Adding extended input device "C-Media Electronics Inc. USB Audio Device" (type: KEYBOARD, id 14)
[ 40373.353] (**) Option "xkb_layout" "us"
[ 40373.354] (II) event6  - C-Media Electronics Inc. USB Audio Device: is tagged by udev as: Keyboard
[ 40373.354] (II) event6  - C-Media Electronics Inc. USB Audio Device: device is a keyboard
